[TIME]  The current time is Thursday, Dec 13, 06:57 PM.
[IBOT2] Intrabot2 starting up.
[IBOT2] Logging in to Intranet. 
[TIME]  The current time is Thursday, Dec 13, 06:59 PM.
[IBOT2] Intrabot2 starting up.
[IBOT2] Logging in to Intranet. 
[IBOT2] Login success. 
[IBOT2] Fetching eighth period change links. 
[TIME]  The current time is Friday, Dec 14, 03:22 PM.
[IBOT2] Intrabot2 starting up.
[IBOT2] Logging in to Intranet. 
[IBOT2] Login success. 
[IBOT2] Fetching eighth period change links. 
[IBOT2] Complete. 
[IBOT2] Initial parsing in progress. 
[TIME]  The current time is Friday, Dec 14, 03:22 PM.
[IBOT2] Intrabot2 starting up.
[IBOT2] Logging in to Intranet. 
[IBOT2] Login success. 
[IBOT2] Fetching eighth period change links. 
[IBOT2] Complete. 
[IBOT2] Initial parsing in progress. 
[IBOT2] Initial parsing complete. 
[IBOT2] Signing up for eighth periods. 
